
--------------------------------------------------
TXLib соболезнует...

Программа: C:\Igor romanenko\Multbik\bin\Debug\Multbik.exe, файл: c:\codeblocks\codeblocks\mingw\include\txlib.h, строка: 14245, функция: intptr_t {anonymous}::TX::txPlayVideo(int, int, int, int, const char*, double, double, HWND),

Сообщение: Возможно, окно рисования не создано или не в порядке.

#1: TXLib [Ver: 00173a, Rev: 171, Date: 2022-07-23 02:08:28 +0400], Instance: 0x005042FC (32-bit), Flags: CMdre0, Thread: 0x1ED4 (Main), GetLastError(): 13 (Недопустимые данные). 

--------------------------------------------------
Стек вызовов:

# 0 0x004266A8 in C:\Igor romanenko\Multbik\bin\Debug\Multbik.exe: txPlayVideo() at c:/codeblocks/codeblocks/mingw/include/txlib.h (14245)
# 1 0x00427857 in C:\Igor romanenko\Multbik\bin\Debug\Multbik.exe: txPlayVideo() at c:/codeblocks/codeblocks/mingw/include/txlib.h (14397)
# 2 0x0040570B in C:\Igor romanenko\Multbik\bin\Debug\Multbik.exe: _txCleanup() at c:/codeblocks/codeblocks/mingw/include/txlib.h (9082)
# 3 0x00404996 in C:\Igor romanenko\Multbik\bin\Debug\Multbik.exe: _txOnCExit() at c:/codeblocks/codeblocks/mingw/include/txlib.h (8894)
# 4 0x00401284 in C:\Igor romanenko\Multbik\bin\Debug\Multbik.exe: __mingw_CRTStartup()
# 5 0x004012C5 in C:\Igor romanenko\Multbik\bin\Debug\Multbik.exe: WinMainCRTStartup()
# 6 0x76F07B5E in C:\Windows\SYSTEM32\ntdll.dll: RtlGetAppContainerNamedObjectPath()
# 7 0x76F07B2E in C:\Windows\SYSTEM32\ntdll.dll: RtlGetAppContainerNamedObjectPath()

--------------------------------------------------
Стек вызовов TX:

# 0 in intptr_t {anonymous}::TX::txPlayVideo(int, int, int, int, const char*, double, double, HWND) at c:\codeblocks\codeblocks\mingw\include\txlib.h (14245):

  14243:                       double zoom /*= 0*/, double gain /*= 1*/, HWND wnd /*= txWindow()*/)
  14244:     {
=>14245: $1  if (wnd && wnd == txWindow() && _TX_TXWINDOW_FAILED()) return -1;
  14246: 
  14247: $   int time = GetTickCount();  //-V2551

# 1 in intptr_t {anonymous}::TX::txPlayVideo(const char*, double, double, HWND) at c:\codeblocks\codeblocks\mingw\include\txlib.h (14397):

  14395: intptr_t txPlayVideo (const char fileName[], double zoom /*= 0*/, double gain /*= 0*/, HWND wnd /*= txWindow()*/)
  14396:     {
=>14397: $1  return txPlayVideo (0, 0, 0, 0, fileName, zoom, gain, wnd);
  14398:     }
  14399: 

# 2 in void {anonymous}::TX::_txCleanup() at c:\codeblocks\codeblocks\mingw\include\txlib.h (9082):

   9080: 
   9081: $   txSpeak     (NULL);
=> 9082: $   txPlayVideo (NULL);
   9083: 
   9084: $   delete _txCanvas_UserDCs;

# 3 in void {anonymous}::TX::_txOnCExit() at c:\codeblocks\codeblocks\mingw\include\txlib.h (8894):

   8892:     OutputDebugString ("\n");
   8893: 
=> 8894: $5  _txCleanup();
   8895: 
   8896:     _TX_CALLv (Win32::_cexit, ());

# 4 in int main() at C:\Igor romanenko\Multbik\main.cpp (125):

    123: 
    124: 
=>  125:     txTextCursor (false);
    126:     return 0;
    127:     }

--------------------------------------------------
Developed with:

The Dumb Artist Library (TX Library)
TXLib [Ver: 00173a, Rev: 171, Date: 2022-07-23 02:08:28 +0400]
Copyright (C) Ded (Ilya Dedinsky, http://txlib.ru) <mail@txlib.ru>
See license on: http://txlib.ru

TXLib file:	c:\codeblocks\codeblocks\mingw\include\txlib.h
Compiled:	Sep 26 2022 16:25:05, GNU g++ 4.8.1, std=201103L, MinGW Runtime 3.20, 32-bit, DEBUG
Started:	Sep 26 2022 16:25:24

Run file:	C:\Igor romanenko\Multbik\bin\Debug\Multbik.exe
Directory:	C:\Igor romanenko\Multbik

--------------------------------------------------

--------------------------------------------------
TXLib сообщает:

Программа: D:\Igor romanenko\CodeBlocks-project-main\Multbik\bin\Debug\Multbik.exe, файл: c:\codeblocks\codeblocks\mingw\include\txlib.h, строка: 10052, функция: bool {anonymous}::TX::_txCanvas_OnDESTROY(HWND),

Сообщение: Cannot lock GDI to free resources

#1: TXLib [Ver: 00173a, Rev: 171, Date: 2022-07-23 02:08:28 +0400], Instance: 0x005062FC (32-bit), Flags: CMdRE0, Thread: 0x22E4 (Canvas). 

--------------------------------------------------
Стек вызовов:

# 0 0x0040BFDF in D:\Igor romanenko\CodeBlocks-project-main\Multbik\bin\Debug\Multbik.exe: _txCanvas_OnDESTROY() at c:/codeblocks/codeblocks/mingw/include/txlib.h (10052)
# 1 0x0040B583 in D:\Igor romanenko\CodeBlocks-project-main\Multbik\bin\Debug\Multbik.exe: _txCanvas_WndProc() at c:/codeblocks/codeblocks/mingw/include/txlib.h (9969)
# 2 0x773D151B in C:\Windows\System32\USER32.dll: AddClipboardFormatListener()
# 3 0x773C84EA in C:\Windows\System32\USER32.dll: GetClassLongW()
# 4 0x773C80EA in C:\Windows\System32\USER32.dll: GetClassLongW()
# 5 0x773CBCAF in C:\Windows\System32\USER32.dll: CallNextHookEx()
# 6 0x775B4FBD in C:\Windows\SYSTEM32\ntdll.dll: KiUserCallbackDispatcher()
# 7 0x773B3DEC in C:\Windows\System32\USER32.dll: MBToWCSEx()
# 8 0x773B3D57 in C:\Windows\System32\USER32.dll: MBToWCSEx()
# 9 0x0040B91E in D:\Igor romanenko\CodeBlocks-project-main\Multbik\bin\Debug\Multbik.exe: _txCanvas_WndProc() at c:/codeblocks/codeblocks/mingw/include/txlib.h (10008)
#10 0x773D151B in C:\Windows\System32\USER32.dll: AddClipboardFormatListener()
#11 0x773C84EA in C:\Windows\System32\USER32.dll: GetClassLongW()
#12 0x773C80EA in C:\Windows\System32\USER32.dll: GetClassLongW()
#13 0x773CBCAF in C:\Windows\System32\USER32.dll: CallNextHookEx()
#14 0x775B4FBD in C:\Windows\SYSTEM32\ntdll.dll: KiUserCallbackDispatcher()
#15 0x773B3DEC in C:\Windows\System32\USER32.dll: MBToWCSEx()
#16 0x74C93605 in C:\Windows\system32\uxtheme.dll: Ordinal132()
#17 0x74C8FB31 in C:\Windows\system32\uxtheme.dll: Ordinal45()
#18 0x74C88CB8 in C:\Windows\system32\uxtheme.dll: GetThemeBackgroundRegion()
#19 0x773B3D8C in C:\Windows\System32\USER32.dll: MBToWCSEx()
#20 0x0040B91E in D:\Igor romanenko\CodeBlocks-project-main\Multbik\bin\Debug\Multbik.exe: _txCanvas_WndProc() at c:/codeblocks/codeblocks/mingw/include/txlib.h (10008)
#21 0x773D151B in C:\Windows\System32\USER32.dll: AddClipboardFormatListener()
#22 0x773C84EA in C:\Windows\System32\USER32.dll: GetClassLongW()
#23 0x773C80EA in C:\Windows\System32\USER32.dll: GetClassLongW()
#24 0x773CBCAF in C:\Windows\System32\USER32.dll: CallNextHookEx()
#25 0x775B4FBD in C:\Windows\SYSTEM32\ntdll.dll: KiUserCallbackDispatcher()
#26 0x773B3DEC in C:\Windows\System32\USER32.dll: MBToWCSEx()
#27 0x74C93605 in C:\Windows\system32\uxtheme.dll: Ordinal132()
#28 0x74C8FB31 in C:\Windows\system32\uxtheme.dll: Ordinal45()
#29 0x74C88CB8 in C:\Windows\system32\uxtheme.dll: GetThemeBackgroundRegion()
#30 0x773B3D8C in C:\Windows\System32\USER32.dll: MBToWCSEx()
#31 0x0040B91E in D:\Igor romanenko\CodeBlocks-project-main\Multbik\bin\Debug\Multbik.exe: _txCanvas_WndProc() at c:/codeblocks/codeblocks/mingw/include/txlib.h (10008)
#32 0x773D151B in C:\Windows\System32\USER32.dll: AddClipboardFormatListener()
#33 0x773C84EA in C:\Windows\System32\USER32.dll: GetClassLongW()
#34 0x773C623A in C:\Windows\System32\USER32.dll: DispatchMessageW()
#35 0x773B8390 in C:\Windows\System32\USER32.dll: DispatchMessageA()
#36 0x00409C93 in D:\Igor romanenko\CodeBlocks-project-main\Multbik\bin\Debug\Multbik.exe: _txCanvas_ThreadProc() at c:/codeblocks/codeblocks/mingw/include/txlib.h (9752)
#37 0x769B6CFF in C:\Windows\System32\msvcrt.dll: beginthreadex()
#38 0x769B6DC1 in C:\Windows\System32\msvcrt.dll: endthreadex()
#39 0x770AFA29 in C:\Windows\System32\KERNEL32.dll: BaseThreadInitThunk()
#40 0x775A7BBE in C:\Windows\SYSTEM32\ntdll.dll: RtlGetAppContainerNamedObjectPath()
#41 0x775A7B8E in C:\Windows\SYSTEM32\ntdll.dll: RtlGetAppContainerNamedObjectPath()

--------------------------------------------------
Стек вызовов TX:

# 0 in bool {anonymous}::TX::_txCanvas_OnDESTROY(HWND) at c:\codeblocks\codeblocks\mingw\include\txlib.h (10052):

  10050: $   bool locked = false;
  10051: $   _txWaitFor ((locked = txLock (false), locked), _TX_TIMEOUT);
=>10052: $   if (!locked) TX_DEBUG_ERROR ("Cannot lock GDI to free resources");
  10053: 
  10054:     // Освобождаем пользовательские ресурсы

# 1 in LRESULT {anonymous}::TX::_txCanvas_WndProc(HWND, UINT, WPARAM, LPARAM) at c:\codeblocks\codeblocks\mingw\include\txlib.h (9969):

   9967: 
   9968:         case WM_CLOSE:          {$ if (_txCanvas_OnCLOSE      (wnd))  break;       else return 0; }
=> 9969:         case WM_DESTROY:        {$     _txCanvas_OnDESTROY    (wnd);                    return 0; }
   9970: 
   9971:         case WM_ERASEBKGND:     {$ if (!bkErased) { bkErased = true;  break; }     else return 1; }

# 2 in LRESULT {anonymous}::TX::_txCanvas_WndProc(HWND, UINT, WPARAM, LPARAM) at c:\codeblocks\codeblocks\mingw\include\txlib.h (10008):

  10006:         }
  10007: 
=>10008: $   return DefWindowProc (wnd, msg, wpar, lpar);
  10009:     }
  10010: 

# 3 in LRESULT {anonymous}::TX::_txCanvas_WndProc(HWND, UINT, WPARAM, LPARAM) at c:\codeblocks\codeblocks\mingw\include\txlib.h (10008):

  10006:         }
  10007: 
=>10008: $   return DefWindowProc (wnd, msg, wpar, lpar);
  10009:     }
  10010: 

# 4 in LRESULT {anonymous}::TX::_txCanvas_WndProc(HWND, UINT, WPARAM, LPARAM) at c:\codeblocks\codeblocks\mingw\include\txlib.h (10008):

  10006:         }
  10007: 
=>10008: $   return DefWindowProc (wnd, msg, wpar, lpar);
  10009:     }
  10010: 

# 5 in unsigned int {anonymous}::TX::_txCanvas_ThreadProc(void*) at c:\codeblocks\codeblocks\mingw\include\txlib.h (9752):

   9750: 
   9751: $       TranslateMessage (&msg);
=> 9752: $       DispatchMessage  (&msg);
   9753: 
   9754: $       Sleep (0);

--------------------------------------------------
Developed with:

The Dumb Artist Library (TX Library)
TXLib [Ver: 00173a, Rev: 171, Date: 2022-07-23 02:08:28 +0400]
Copyright (C) Ded (Ilya Dedinsky, http://txlib.ru) <mail@txlib.ru>
See license on: http://txlib.ru

TXLib file:	c:\codeblocks\codeblocks\mingw\include\txlib.h
Compiled:	Nov 11 2022 17:02:15, GNU g++ 4.8.1, std=201103L, MinGW Runtime 3.20, 32-bit, DEBUG
Started:	Nov 11 2022 17:02:28

Run file:	D:\Igor romanenko\CodeBlocks-project-main\Multbik\bin\Debug\Multbik.exe
Directory:	D:\Igor romanenko\CodeBlocks-project-main\Multbik

--------------------------------------------------
